{"event":"LOAD","time":0,"duration":0,"location":"FACTORY","destination":"FACTORY","cargo":[{"cargo_id":"0","destination":"A","origin":"FACTORY"}],"transport_id":1,"kind":"TRUCK"}
{"event":"LOAD","time":0,"duration":0,"location":"FACTORY","destination":"FACTORY","cargo":[{"cargo_id":"1","destination":"B","origin":"FACTORY"}],"transport_id":2,"kind":"TRUCK"}
{"event":"DEPART","time":0,"duration":1,"location":"FACTORY","destination":"PORT","cargo":[{"cargo_id":"0","destination":"A","origin":"FACTORY"}],"transport_id":1,"kind":"TRUCK"}
{"event":"DEPART","time":0,"duration":5,"location":"FACTORY","destination":"B","cargo":[{"cargo_id":"1","destination":"B","origin":"FACTORY"}],"transport_id":2,"kind":"TRUCK"}
{"event":"ARRIVE","time":1,"duration":0,"location":"PORT","destination":"PORT","cargo":[{"cargo_id":"0","destination":"A","origin":"FACTORY"}],"transport_id":1,"kind":"TRUCK"}
{"event":"UNLOAD","time":1,"duration":0,"location":"PORT","destination":"PORT","cargo":[{"cargo_id":"0","destination":"A","origin":"FACTORY"}],"transport_id":1,"kind":"TRUCK"}
{"event":"LOAD","time":1,"duration":0,"location":"PORT","destination":"PORT","cargo":[{"cargo_id":"0","destination":"A","origin":"FACTORY"}],"transport_id":1,"kind":"SHIP"}
{"event":"DEPART","time":1,"duration":1,"location":"PORT","destination":"FACTORY","cargo":[],"transport_id":1,"kind":"TRUCK"}
{"event":"DEPART","time":1,"duration":4,"location":"PORT","destination":"A","cargo":[{"cargo_id":"0","destination":"A","origin":"FACTORY"}],"transport_id":1,"kind":"SHIP"}
{"event":"ARRIVE","time":2,"duration":0,"location":"FACTORY","destination":"FACTORY","cargo":[],"transport_id":1,"kind":"TRUCK"}
{"event":"LOAD","time":2,"duration":0,"location":"FACTORY","destination":"FACTORY","cargo":[{"cargo_id":"2","destination":"B","origin":"FACTORY"}],"transport_id":1,"kind":"TRUCK"}
{"event":"DEPART","time":2,"duration":5,"location":"FACTORY","destination":"B","cargo":[{"cargo_id":"2","destination":"B","origin":"FACTORY"}],"transport_id":1,"kind":"TRUCK"}
{"event":"ARRIVE","time":5,"duration":0,"location":"B","destination":"B","cargo":[{"cargo_id":"1","destination":"B","origin":"FACTORY"}],"transport_id":2,"kind":"TRUCK"}
{"event":"ARRIVE","time":5,"duration":0,"location":"A","destination":"A","cargo":[{"cargo_id":"0","destination":"A","origin":"FACTORY"}],"transport_id":1,"kind":"SHIP"}
{"event":"UNLOAD","time":5,"duration":0,"location":"B","destination":"B","cargo":[{"cargo_id":"1","destination":"B","origin":"FACTORY"}],"transport_id":2,"kind":"TRUCK"}
{"event":"UNLOAD","time":5,"duration":0,"location":"A","destination":"A","cargo":[{"cargo_id":"0","destination":"A","origin":"FACTORY"}],"transport_id":1,"kind":"SHIP"}
{"event":"DEPART","time":5,"duration":5,"location":"B","destination":"FACTORY","cargo":[],"transport_id":2,"kind":"TRUCK"}
{"event":"DEPART","time":5,"duration":4,"location":"A","destination":"PORT","cargo":[],"transport_id":1,"kind":"SHIP"}
{"event":"ARRIVE","time":7,"duration":0,"location":"B","destination":"B","cargo":[{"cargo_id":"2","destination":"B","origin":"FACTORY"}],"transport_id":1,"kind":"TRUCK"}
{"event":"UNLOAD","time":7,"duration":0,"location":"B","destination":"B","cargo":[{"cargo_id":"2","destination":"B","origin":"FACTORY"}],"transport_id":1,"kind":"TRUCK"}
{"event":"DEPART","time":7,"duration":5,"location":"B","destination":"FACTORY","cargo":[],"transport_id":1,"kind":"TRUCK"}
{"event":"ARRIVE","time":9,"duration":0,"location":"PORT","destination":"PORT","cargo":[],"transport_id":1,"kind":"SHIP"}
{"event":"ARRIVE","time":10,"duration":0,"location":"FACTORY","destination":"FACTORY","cargo":[],"transport_id":2,"kind":"TRUCK"}
{"event":"LOAD","time":10,"duration":0,"location":"FACTORY","destination":"FACTORY","cargo":[{"cargo_id":"3","destination":"B","origin":"FACTORY"}],"transport_id":2,"kind":"TRUCK"}
{"event":"DEPART","time":10,"duration":5,"location":"FACTORY","destination":"B","cargo":[{"cargo_id":"3","destination":"B","origin":"FACTORY"}],"transport_id":2,"kind":"TRUCK"}
{"event":"ARRIVE","time":12,"duration":0,"location":"FACTORY","destination":"FACTORY","cargo":[],"transport_id":1,"kind":"TRUCK"}
{"event":"LOAD","time":12,"duration":0,"location":"FACTORY","destination":"FACTORY","cargo":[{"cargo_id":"4","destination":"A","origin":"FACTORY"}],"transport_id":1,"kind":"TRUCK"}
{"event":"DEPART","time":12,"duration":1,"location":"FACTORY","destination":"PORT","cargo":[{"cargo_id":"4","destination":"A","origin":"FACTORY"}],"transport_id":1,"kind":"TRUCK"}
{"event":"ARRIVE","time":13,"duration":0,"location":"PORT","destination":"PORT","cargo":[{"cargo_id":"4","destination":"A","origin":"FACTORY"}],"transport_id":1,"kind":"TRUCK"}
{"event":"UNLOAD","time":13,"duration":0,"location":"PORT","destination":"PORT","cargo":[{"cargo_id":"4","destination":"A","origin":"FACTORY"}],"transport_id":1,"kind":"TRUCK"}
{"event":"LOAD","time":13,"duration":0,"location":"PORT","destination":"PORT","cargo":[{"cargo_id":"4","destination":"A","origin":"FACTORY"}],"transport_id":1,"kind":"SHIP"}
{"event":"DEPART","time":13,"duration":1,"location":"PORT","destination":"FACTORY","cargo":[],"transport_id":1,"kind":"TRUCK"}
{"event":"DEPART","time":13,"duration":4,"location":"PORT","destination":"A","cargo":[{"cargo_id":"4","destination":"A","origin":"FACTORY"}],"transport_id":1,"kind":"SHIP"}
{"event":"ARRIVE","time":14,"duration":0,"location":"FACTORY","destination":"FACTORY","cargo":[],"transport_id":1,"kind":"TRUCK"}
{"event":"LOAD","time":14,"duration":0,"location":"FACTORY","destination":"FACTORY","cargo":[{"cargo_id":"5","destination":"B","origin":"FACTORY"}],"transport_id":1,"kind":"TRUCK"}
{"event":"DEPART","time":14,"duration":5,"location":"FACTORY","destination":"B","cargo":[{"cargo_id":"5","destination":"B","origin":"FACTORY"}],"transport_id":1,"kind":"TRUCK"}
{"event":"ARRIVE","time":15,"duration":0,"location":"B","destination":"B","cargo":[{"cargo_id":"3","destination":"B","origin":"FACTORY"}],"transport_id":2,"kind":"TRUCK"}
{"event":"UNLOAD","time":15,"duration":0,"location":"B","destination":"B","cargo":[{"cargo_id":"3","destination":"B","origin":"FACTORY"}],"transport_id":2,"kind":"TRUCK"}
{"event":"DEPART","time":15,"duration":5,"location":"B","destination":"FACTORY","cargo":[],"transport_id":2,"kind":"TRUCK"}
{"event":"ARRIVE","time":17,"duration":0,"location":"A","destination":"A","cargo":[{"cargo_id":"4","destination":"A","origin":"FACTORY"}],"transport_id":1,"kind":"SHIP"}
{"event":"UNLOAD","time":17,"duration":0,"location":"A","destination":"A","cargo":[{"cargo_id":"4","destination":"A","origin":"FACTORY"}],"transport_id":1,"kind":"SHIP"}
{"event":"DEPART","time":17,"duration":4,"location":"A","destination":"PORT","cargo":[],"transport_id":1,"kind":"SHIP"}
{"event":"ARRIVE","time":19,"duration":0,"location":"B","destination":"B","cargo":[{"cargo_id":"5","destination":"B","origin":"FACTORY"}],"transport_id":1,"kind":"TRUCK"}
{"event":"UNLOAD","time":19,"duration":0,"location":"B","destination":"B","cargo":[{"cargo_id":"5","destination":"B","origin":"FACTORY"}],"transport_id":1,"kind":"TRUCK"}
{"event":"DEPART","time":19,"duration":5,"location":"B","destination":"FACTORY","cargo":[],"transport_id":1,"kind":"TRUCK"}
{"event":"ARRIVE","time":20,"duration":0,"location":"FACTORY","destination":"FACTORY","cargo":[],"transport_id":2,"kind":"TRUCK"}
{"event":"LOAD","time":20,"duration":0,"location":"FACTORY","destination":"FACTORY","cargo":[{"cargo_id":"6","destination":"A","origin":"FACTORY"}],"transport_id":2,"kind":"TRUCK"}
{"event":"DEPART","time":20,"duration":1,"location":"FACTORY","destination":"PORT","cargo":[{"cargo_id":"6","destination":"A","origin":"FACTORY"}],"transport_id":2,"kind":"TRUCK"}
{"event":"ARRIVE","time":21,"duration":0,"location":"PORT","destination":"PORT","cargo":[{"cargo_id":"6","destination":"A","origin":"FACTORY"}],"transport_id":2,"kind":"TRUCK"}
{"event":"ARRIVE","time":21,"duration":0,"location":"PORT","destination":"PORT","cargo":[],"transport_id":1,"kind":"SHIP"}
{"event":"UNLOAD","time":21,"duration":0,"location":"PORT","destination":"PORT","cargo":[{"cargo_id":"6","destination":"A","origin":"FACTORY"}],"transport_id":2,"kind":"TRUCK"}
{"event":"LOAD","time":21,"duration":0,"location":"PORT","destination":"PORT","cargo":[{"cargo_id":"6","destination":"A","origin":"FACTORY"}],"transport_id":1,"kind":"SHIP"}
{"event":"DEPART","time":21,"duration":1,"location":"PORT","destination":"FACTORY","cargo":[],"transport_id":2,"kind":"TRUCK"}
{"event":"DEPART","time":21,"duration":4,"location":"PORT","destination":"A","cargo":[{"cargo_id":"6","destination":"A","origin":"FACTORY"}],"transport_id":1,"kind":"SHIP"}
{"event":"ARRIVE","time":22,"duration":0,"location":"FACTORY","destination":"FACTORY","cargo":[],"transport_id":2,"kind":"TRUCK"}
{"event":"LOAD","time":22,"duration":0,"location":"FACTORY","destination":"FACTORY","cargo":[{"cargo_id":"7","destination":"A","origin":"FACTORY"}],"transport_id":2,"kind":"TRUCK"}
{"event":"DEPART","time":22,"duration":1,"location":"FACTORY","destination":"PORT","cargo":[{"cargo_id":"7","destination":"A","origin":"FACTORY"}],"transport_id":2,"kind":"TRUCK"}
{"event":"ARRIVE","time":23,"duration":0,"location":"PORT","destination":"PORT","cargo":[{"cargo_id":"7","destination":"A","origin":"FACTORY"}],"transport_id":2,"kind":"TRUCK"}
{"event":"UNLOAD","time":23,"duration":0,"location":"PORT","destination":"PORT","cargo":[{"cargo_id":"7","destination":"A","origin":"FACTORY"}],"transport_id":2,"kind":"TRUCK"}
{"event":"DEPART","time":23,"duration":1,"location":"PORT","destination":"FACTORY","cargo":[],"transport_id":2,"kind":"TRUCK"}
{"event":"ARRIVE","time":24,"duration":0,"location":"FACTORY","destination":"FACTORY","cargo":[],"transport_id":1,"kind":"TRUCK"}
{"event":"ARRIVE","time":24,"duration":0,"location":"FACTORY","destination":"FACTORY","cargo":[],"transport_id":2,"kind":"TRUCK"}
{"event":"LOAD","time":24,"duration":0,"location":"FACTORY","destination":"FACTORY","cargo":[{"cargo_id":"8","destination":"A","origin":"FACTORY"}],"transport_id":1,"kind":"TRUCK"}
{"event":"LOAD","time":24,"duration":0,"location":"FACTORY","destination":"FACTORY","cargo":[{"cargo_id":"9","destination":"B","origin":"FACTORY"}],"transport_id":2,"kind":"TRUCK"}
{"event":"DEPART","time":24,"duration":1,"location":"FACTORY","destination":"PORT","cargo":[{"cargo_id":"8","destination":"A","origin":"FACTORY"}],"transport_id":1,"kind":"TRUCK"}
{"event":"DEPART","time":24,"duration":5,"location":"FACTORY","destination":"B","cargo":[{"cargo_id":"9","destination":"B","origin":"FACTORY"}],"transport_id":2,"kind":"TRUCK"}
{"event":"ARRIVE","time":25,"duration":0,"location":"PORT","destination":"PORT","cargo":[{"cargo_id":"8","destination":"A","origin":"FACTORY"}],"transport_id":1,"kind":"TRUCK"}
{"event":"ARRIVE","time":25,"duration":0,"location":"A","destination":"A","cargo":[{"cargo_id":"6","destination":"A","origin":"FACTORY"}],"transport_id":1,"kind":"SHIP"}
{"event":"UNLOAD","time":25,"duration":0,"location":"PORT","destination":"PORT","cargo":[{"cargo_id":"8","destination":"A","origin":"FACTORY"}],"transport_id":1,"kind":"TRUCK"}
{"event":"UNLOAD","time":25,"duration":0,"location":"A","destination":"A","cargo":[{"cargo_id":"6","destination":"A","origin":"FACTORY"}],"transport_id":1,"kind":"SHIP"}
{"event":"DEPART","time":25,"duration":1,"location":"PORT","destination":"FACTORY","cargo":[],"transport_id":1,"kind":"TRUCK"}
{"event":"DEPART","time":25,"duration":4,"location":"A","destination":"PORT","cargo":[],"transport_id":1,"kind":"SHIP"}
{"event":"ARRIVE","time":26,"duration":0,"location":"FACTORY","destination":"FACTORY","cargo":[],"transport_id":1,"kind":"TRUCK"}
{"event":"LOAD","time":26,"duration":0,"location":"FACTORY","destination":"FACTORY","cargo":[{"cargo_id":"10","destination":"B","origin":"FACTORY"}],"transport_id":1,"kind":"TRUCK"}
{"event":"DEPART","time":26,"duration":5,"location":"FACTORY","destination":"B","cargo":[{"cargo_id":"10","destination":"B","origin":"FACTORY"}],"transport_id":1,"kind":"TRUCK"}
{"event":"ARRIVE","time":29,"duration":0,"location":"B","destination":"B","cargo":[{"cargo_id":"9","destination":"B","origin":"FACTORY"}],"transport_id":2,"kind":"TRUCK"}
{"event":"ARRIVE","time":29,"duration":0,"location":"PORT","destination":"PORT","cargo":[],"transport_id":1,"kind":"SHIP"}
{"event":"UNLOAD","time":29,"duration":0,"location":"B","destination":"B","cargo":[{"cargo_id":"9","destination":"B","origin":"FACTORY"}],"transport_id":2,"kind":"TRUCK"}
{"event":"LOAD","time":29,"duration":0,"location":"PORT","destination":"PORT","cargo":[{"cargo_id":"7","destination":"A","origin":"FACTORY"}],"transport_id":1,"kind":"SHIP"}
{"event":"DEPART","time":29,"duration":5,"location":"B","destination":"FACTORY","cargo":[],"transport_id":2,"kind":"TRUCK"}
{"event":"DEPART","time":29,"duration":4,"location":"PORT","destination":"A","cargo":[{"cargo_id":"7","destination":"A","origin":"FACTORY"}],"transport_id":1,"kind":"SHIP"}
{"event":"ARRIVE","time":31,"duration":0,"location":"B","destination":"B","cargo":[{"cargo_id":"10","destination":"B","origin":"FACTORY"}],"transport_id":1,"kind":"TRUCK"}
{"event":"UNLOAD","time":31,"duration":0,"location":"B","destination":"B","cargo":[{"cargo_id":"10","destination":"B","origin":"FACTORY"}],"transport_id":1,"kind":"TRUCK"}
{"event":"DEPART","time":31,"duration":5,"location":"B","destination":"FACTORY","cargo":[],"transport_id":1,"kind":"TRUCK"}
{"event":"ARRIVE","time":33,"duration":0,"location":"A","destination":"A","cargo":[{"cargo_id":"7","destination":"A","origin":"FACTORY"}],"transport_id":1,"kind":"SHIP"}
{"event":"UNLOAD","time":33,"duration":0,"location":"A","destination":"A","cargo":[{"cargo_id":"7","destination":"A","origin":"FACTORY"}],"transport_id":1,"kind":"SHIP"}
{"event":"DEPART","time":33,"duration":4,"location":"A","destination":"PORT","cargo":[],"transport_id":1,"kind":"SHIP"}
{"event":"ARRIVE","time":34,"duration":0,"location":"FACTORY","destination":"FACTORY","cargo":[],"transport_id":2,"kind":"TRUCK"}
{"event":"LOAD","time":34,"duration":0,"location":"FACTORY","destination":"FACTORY","cargo":[{"cargo_id":"11","destination":"B","origin":"FACTORY"}],"transport_id":2,"kind":"TRUCK"}
{"event":"DEPART","time":34,"duration":5,"location":"FACTORY","destination":"B","cargo":[{"cargo_id":"11","destination":"B","origin":"FACTORY"}],"transport_id":2,"kind":"TRUCK"}
{"event":"ARRIVE","time":36,"duration":0,"location":"FACTORY","destination":"FACTORY","cargo":[],"transport_id":1,"kind":"TRUCK"}
{"event":"ARRIVE","time":37,"duration":0,"location":"PORT","destination":"PORT","cargo":[],"transport_id":1,"kind":"SHIP"}
{"event":"LOAD","time":37,"duration":0,"location":"PORT","destination":"PORT","cargo":[{"cargo_id":"8","destination":"A","origin":"FACTORY"}],"transport_id":1,"kind":"SHIP"}
{"event":"DEPART","time":37,"duration":4,"location":"PORT","destination":"A","cargo":[{"cargo_id":"8","destination":"A","origin":"FACTORY"}],"transport_id":1,"kind":"SHIP"}
{"event":"ARRIVE","time":39,"duration":0,"location":"B","destination":"B","cargo":[{"cargo_id":"11","destination":"B","origin":"FACTORY"}],"transport_id":2,"kind":"TRUCK"}
{"event":"UNLOAD","time":39,"duration":0,"location":"B","destination":"B","cargo":[{"cargo_id":"11","destination":"B","origin":"FACTORY"}],"transport_id":2,"kind":"TRUCK"}
{"event":"DEPART","time":39,"duration":5,"location":"B","destination":"FACTORY","cargo":[],"transport_id":2,"kind":"TRUCK"}
{"event":"ARRIVE","time":41,"duration":0,"location":"A","destination":"A","cargo":[{"cargo_id":"8","destination":"A","origin":"FACTORY"}],"transport_id":1,"kind":"SHIP"}
{"event":"UNLOAD","time":41,"duration":0,"location":"A","destination":"A","cargo":[{"cargo_id":"8","destination":"A","origin":"FACTORY"}],"transport_id":1,"kind":"SHIP"}
{"event":"DEPART","time":41,"duration":4,"location":"A","destination":"PORT","cargo":[],"transport_id":1,"kind":"SHIP"}
